\BOOKMARK [1][-]{section.1}{\376\377\000I\000n\000i\000t\000i\000a\000l\000\040\000P\000r\000o\000g\000r\000e\000s\000s\000\040\000R\000e\000p\000o\000r\000t\000\040\000\050\000P\000r\000e\000-\000A\000p\000r\000i\000l\000\040\0002\0000\0002\0005\000\051}{}% 1
\BOOKMARK [2][-]{subsection.1.1}{\376\377\000C\000o\000d\000e\000b\000a\000s\000e\000\040\000D\000e\000v\000e\000l\000o\000p\000m\000e\000n\000t\000\040\000a\000n\000d\000\040\000V\000a\000l\000i\000d\000a\000t\000i\000o\000n}{section.1}% 2
\BOOKMARK [2][-]{subsection.1.2}{\376\377\000P\000e\000r\000f\000o\000r\000m\000a\000n\000c\000e\000\040\000A\000n\000a\000l\000y\000s\000i\000s\000\040\000a\000n\000d\000\040\000C\000o\000m\000p\000u\000t\000a\000t\000i\000o\000n\000a\000l\000\040\000R\000e\000q\000u\000i\000r\000e\000m\000e\000n\000t\000s}{section.1}% 3
\BOOKMARK [2][-]{subsection.1.3}{\376\377\000F\000i\000n\000i\000t\000e\000\040\000S\000i\000z\000e\000\040\000S\000c\000a\000l\000i\000n\000g\000\040\000A\000n\000a\000l\000y\000s\000i\000s}{section.1}% 4
\BOOKMARK [3][-]{subsubsection.1.3.1}{\376\377\000C\000r\000i\000t\000i\000c\000a\000l\000\040\000P\000o\000i\000n\000t\000\040\000A\000n\000a\000l\000y\000s\000i\000s\000:\000\040\000p\000c\000t\000r\000l\000=\0000\000.\0000}{subsection.1.3}% 5
\BOOKMARK [3][-]{subsubsection.1.3.2}{\376\377\000N\000u\000m\000e\000r\000i\000c\000a\000l\000\040\000S\000t\000a\000b\000i\000l\000i\000t\000y\000\040\000I\000n\000v\000e\000s\000t\000i\000g\000a\000t\000i\000o\000n}{subsection.1.3}% 6
\BOOKMARK [3][-]{subsubsection.1.3.3}{\376\377\000S\000i\000n\000g\000u\000l\000a\000r\000\040\000V\000a\000l\000u\000e\000\040\000C\000o\000m\000p\000u\000t\000a\000t\000i\000o\000n\000\040\000A\000n\000a\000l\000y\000s\000i\000s}{subsection.1.3}% 7
\BOOKMARK [3][-]{subsubsection.1.3.4}{\376\377\000C\000r\000i\000t\000i\000c\000a\000l\000\040\000P\000o\000i\000n\000t\000\040\000A\000n\000a\000l\000y\000s\000i\000s\000:\000\040\000p\000c\000t\000r\000l\000=\0000\000.\0004}{subsection.1.3}% 8
\BOOKMARK [2][-]{subsection.1.4}{\376\377\000I\000n\000i\000t\000i\000a\000l\000\040\000P\000h\000a\000s\000e\000\040\000S\000u\000m\000m\000a\000r\000y}{section.1}% 9
\BOOKMARK [1][-]{section.2}{\376\377\000Q\000u\000e\000s\000t\000i\000o\000n\000\040\000f\000o\000r\000\040\000H\000a\000i\000n\000i\000n\000g\000\040\000\050\000A\000p\000r\000i\000l\000\040\0002\0000\000,\000\040\0002\0000\0002\0005\000\051}{}% 10
\BOOKMARK [1][-]{section.3}{\376\377\000T\000a\000s\000k\000\040\000L\000i\000s\000t\000\040\000\050\000A\000p\000r\000i\000l\000\040\0002\0004\000,\000\040\0002\0000\0002\0005\000\051}{}% 11
\BOOKMARK [1][-]{section.4}{\376\377\000T\000a\000s\000k\000\040\000L\000i\000s\000t\000\040\000\050\000A\000p\000r\000i\000l\000\040\0002\0008\000,\000\040\0002\0000\0002\0005\000\051}{}% 12
\BOOKMARK [1][-]{section.5}{\376\377\000T\000a\000s\000k\000\040\000L\000i\000s\000t\000\040\000\050\000M\000a\000y\000\040\0002\000,\000\040\0002\0000\0002\0005\000\051}{}% 13
\BOOKMARK [1][-]{section.6}{\376\377\000I\000s\000s\000u\000e\000\040\000\050\000M\000a\000y\000\040\0002\0001\000,\000\040\0002\0000\0002\0005\000\051}{}% 14
\BOOKMARK [1][-]{section.7}{\376\377\000I\000s\000s\000u\000e\000\040\000\050\000M\000a\000y\000\040\0002\0002\000,\000\040\0002\0000\0002\0005\000\051}{}% 15
\BOOKMARK [1][-]{section.8}{\376\377\000I\000s\000s\000u\000e\000\040\000\050\000M\000a\000y\000\040\0002\0003\000,\000\040\0002\0000\0002\0005\000\051}{}% 16
\BOOKMARK [1][-]{section.9}{\376\377\000I\000s\000s\000u\000e\000\040\000\050\000M\000a\000y\000\040\0002\0005\000,\000\040\0002\0000\0002\0005\000\051}{}% 17
\BOOKMARK [1][-]{section.10}{\376\377\000I\000s\000s\000u\000e\000\040\000\050\000M\000a\000y\000\040\0002\0006\000,\000\040\0002\0000\0002\0005\000\051}{}% 18
\BOOKMARK [1][-]{section.11}{\376\377\000I\000s\000s\000u\000e\000\040\000\050\000M\000a\000y\000\040\0002\0007\000,\000\040\0002\0000\0002\0005\000\051}{}% 19
\BOOKMARK [1][-]{section.12}{\376\377\000I\000s\000s\000u\000e\000\040\000\050\000M\000a\000y\000\040\0002\0008\000,\000\040\0002\0000\0002\0005\000\051}{}% 20
\BOOKMARK [1][-]{section.13}{\376\377\000I\000s\000s\000u\000e\000\040\000\050\000M\000a\000y\000\040\0002\0009\000,\000\040\0002\0000\0002\0005\000\051}{}% 21
\BOOKMARK [1][-]{section.14}{\376\377\000I\000s\000s\000u\000e\000\040\000\050\000M\000a\000y\000\040\0003\0000\000,\000\040\0002\0000\0002\0005\000\051}{}% 22
\BOOKMARK [1][-]{section.15}{\376\377\000I\000s\000s\000u\000e\000\040\000\050\000M\000a\000y\000\040\0003\0001\000,\000\040\0002\0000\0002\0005\000\051}{}% 23
\BOOKMARK [1][-]{section.16}{\376\377\000I\000s\000s\000u\000e\000\040\000\050\000J\000u\000n\000e\000\040\0003\000,\000\040\0002\0000\0002\0005\000\051}{}% 24
\BOOKMARK [1][-]{section.17}{\376\377\000I\000s\000s\000u\000e\000\040\000\050\000J\000u\000n\000e\000\040\0006\000,\000\040\0002\0000\0002\0005\000\051}{}% 25
\BOOKMARK [1][-]{section.18}{\376\377\000I\000s\000s\000u\000e\000\040\000\050\000J\000u\000n\000e\000\040\0009\000,\000\040\0002\0000\0002\0005\000\051}{}% 26
\BOOKMARK [1][-]{section.19}{\376\377\000I\000s\000s\000u\000e\000\040\000\050\000J\000u\000n\000e\000\040\0001\0000\000,\000\040\0002\0000\0002\0005\000\051}{}% 27
\BOOKMARK [1][-]{section.20}{\376\377\000I\000s\000s\000u\000e\000\040\000\050\000J\000u\000n\000e\000\040\0001\0001\000,\000\040\0002\0000\0002\0005\000\051}{}% 28
\BOOKMARK [1][-]{section.21}{\376\377\000T\000e\000c\000h\000n\000i\000c\000a\000l\000\040\000J\000o\000u\000r\000n\000a\000l\000\040\000E\000n\000t\000r\000i\000e\000s}{}% 29
\BOOKMARK [2][-]{subsection.21.1}{\376\377\000J\000u\000n\000e\000\040\0001\0001\000,\000\040\0002\0000\0002\0003}{section.21}% 30
\BOOKMARK [2][-]{subsection.21.2}{\376\377\000J\000u\000n\000e\000\040\0001\0002\000,\000\040\0002\0000\0002\0003}{section.21}% 31
\BOOKMARK [2][-]{subsection.21.3}{\376\377\000J\000u\000n\000e\000\040\0001\0003\000,\000\040\0002\0000\0002\0003}{section.21}% 32
\BOOKMARK [2][-]{subsection.21.4}{\376\377\000J\000u\000n\000e\000\040\0002\0003\000-\0002\0004\000,\000\040\0002\0000\0002\0003}{section.21}% 33
\BOOKMARK [2][-]{subsection.21.5}{\376\377\000J\000u\000l\000y\000\040\0001\000,\000\040\0002\0000\0002\0003}{section.21}% 34
