This is pdfTeX, Version 3.141592653-2.6-1.40.28 (TeX Live 2025) (preloaded format=pdflatex 2025.7.1)  1 JUL 2025 20:13
entering extended mode
 restricted \write18 enabled.
 %&-line parsing enabled.
**research_journal_summary.tex
(./research_journal_summary.tex
LaTeX2e <2025-06-01> patch level 1
L3 programming layer <2025-06-09>
(/cache/home/ty296/texlive/2023/texmf-dist/tex/latex/base/article.cls
Document Class: article 2025/01/22 v1.4n Standard LaTeX document class
(/cache/home/ty296/texlive/2023/texmf-dist/tex/latex/base/size11.clo
File: size11.clo 2025/01/22 v1.4n Standard LaTeX file (size option)
)
\c@part=\count275
\c@section=\count276
\c@subsection=\count277
\c@subsubsection=\count278
\c@paragraph=\count279
\c@subparagraph=\count280
\c@figure=\count281
\c@table=\count282
\abovecaptionskip=\skip49
\belowcaptionskip=\skip50
\bibindent=\dimen148
)
(/cache/home/ty296/texlive/2023/texmf-dist/tex/latex/base/inputenc.sty
Package: inputenc 2024/02/08 v1.3d Input encoding file
\inpenc@prehook=\toks17
\inpenc@posthook=\toks18
)
(/cache/home/ty296/texlive/2023/texmf-dist/tex/latex/base/fontenc.sty
Package: fontenc 2024/12/21 v2.1c Standard LaTeX package
)
(/cache/home/ty296/texlive/2023/texmf-dist/tex/latex/amsmath/amsmath.sty
Package: amsmath 2025/06/16 v2.17y AMS math features
\@mathmargin=\skip51

For additional information on amsmath, use the `?' option.
(/cache/home/ty296/texlive/2023/texmf-dist/tex/latex/amsmath/amstext.sty
Package: amstext 2024/11/17 v2.01 AMS text

(/cache/home/ty296/texlive/2023/texmf-dist/tex/latex/amsmath/amsgen.sty
File: amsgen.sty 1999/11/30 v2.0 generic functions
\@emptytoks=\toks19
\ex@=\dimen149
))
(/cache/home/ty296/texlive/2023/texmf-dist/tex/latex/amsmath/amsbsy.sty
Package: amsbsy 1999/11/29 v1.2d Bold Symbols
\pmbraise@=\dimen150
)
(/cache/home/ty296/texlive/2023/texmf-dist/tex/latex/amsmath/amsopn.sty
Package: amsopn 2022/04/08 v2.04 operator names
)
\inf@bad=\count283
LaTeX Info: Redefining \frac on input line 233.
\uproot@=\count284
\leftroot@=\count285
LaTeX Info: Redefining \overline on input line 398.
LaTeX Info: Redefining \colon on input line 409.
\classnum@=\count286
\DOTSCASE@=\count287
LaTeX Info: Redefining \ldots on input line 495.
LaTeX Info: Redefining \dots on input line 498.
LaTeX Info: Redefining \cdots on input line 619.
\Mathstrutbox@=\box53
\strutbox@=\box54
LaTeX Info: Redefining \big on input line 721.
LaTeX Info: Redefining \Big on input line 722.
LaTeX Info: Redefining \bigg on input line 723.
LaTeX Info: Redefining \Bigg on input line 724.
\big@size=\dimen151
LaTeX Font Info:    Redeclaring font encoding OML on input line 742.
LaTeX Font Info:    Redeclaring font encoding OMS on input line 743.
\macc@depth=\count288
LaTeX Info: Redefining \bmod on input line 904.
LaTeX Info: Redefining \pmod on input line 909.
LaTeX Info: Redefining \smash on input line 939.
LaTeX Info: Redefining \relbar on input line 969.
LaTeX Info: Redefining \Relbar on input line 970.
\c@MaxMatrixCols=\count289
\dotsspace@=\muskip17
\c@parentequation=\count290
\dspbrk@lvl=\count291
\tag@help=\toks20
\row@=\count292
\column@=\count293
\maxfields@=\count294
\andhelp@=\toks21
\eqnshift@=\dimen152
\alignsep@=\dimen153
\tagshift@=\dimen154
\tagwidth@=\dimen155
\totwidth@=\dimen156
\lineht@=\dimen157
\@envbody=\toks22
\multlinegap=\skip52
\multlinetaggap=\skip53
\mathdisplay@stack=\toks23
LaTeX Info: Redefining \[ on input line 2949.
LaTeX Info: Redefining \] on input line 2950.
)
(/cache/home/ty296/texlive/2023/texmf-dist/tex/latex/amsfonts/amsfonts.sty
Package: amsfonts 2013/01/14 v3.01 Basic AMSFonts support
\symAMSa=\mathgroup4
\symAMSb=\mathgroup5
LaTeX Font Info:    Redeclaring math symbol \hbar on input line 98.
LaTeX Font Info:    Overwriting math alphabet `\mathfrak' in version `bold'
(Font)                  U/euf/m/n --> U/euf/b/n on input line 106.
)
(/cache/home/ty296/texlive/2023/texmf-dist/tex/latex/amsfonts/amssymb.sty
Package: amssymb 2013/01/14 v3.01 AMS font symbols
)
(/cache/home/ty296/texlive/2023/texmf-dist/tex/latex/geometry/geometry.sty
Package: geometry 2020/01/02 v5.9 Page Geometry

(/cache/home/ty296/texlive/2023/texmf-dist/tex/latex/graphics/keyval.sty
Package: keyval 2022/05/29 v1.15 key=value parser (DPC)
\KV@toks@=\toks24
)
(/cache/home/ty296/texlive/2023/texmf-dist/tex/generic/iftex/ifvtex.sty
Package: ifvtex 2019/10/25 v1.7 ifvtex legacy package. Use iftex instead.

(/cache/home/ty296/texlive/2023/texmf-dist/tex/generic/iftex/iftex.sty
Package: iftex 2024/12/12 v1.0g TeX engine tests
))
\Gm@cnth=\count295
\Gm@cntv=\count296
\c@Gm@tempcnt=\count297
\Gm@bindingoffset=\dimen158
\Gm@wd@mp=\dimen159
\Gm@odd@mp=\dimen160
\Gm@even@mp=\dimen161
\Gm@layoutwidth=\dimen162
\Gm@layoutheight=\dimen163
\Gm@layouthoffset=\dimen164
\Gm@layoutvoffset=\dimen165
\Gm@dimlist=\toks25
)
(/cache/home/ty296/texlive/2023/texmf-dist/tex/latex/hyperref/hyperref.sty
Package: hyperref 2025-06-21 v7.01n Hypertext links for LaTeX

(/cache/home/ty296/texlive/2023/texmf-dist/tex/latex/kvsetkeys/kvsetkeys.sty
Package: kvsetkeys 2022-10-05 v1.19 Key value parser (HO)
)
(/cache/home/ty296/texlive/2023/texmf-dist/tex/generic/kvdefinekeys/kvdefinekey
s.sty
Package: kvdefinekeys 2019-12-19 v1.6 Define keys (HO)
)
(/cache/home/ty296/texlive/2023/texmf-dist/tex/generic/pdfescape/pdfescape.sty
Package: pdfescape 2019/12/09 v1.15 Implements pdfTeX's escape features (HO)

(/cache/home/ty296/texlive/2023/texmf-dist/tex/generic/ltxcmds/ltxcmds.sty
Package: ltxcmds 2023-12-04 v1.26 LaTeX kernel commands for general use (HO)
)
(/cache/home/ty296/texlive/2023/texmf-dist/tex/generic/pdftexcmds/pdftexcmds.st
y
Package: pdftexcmds 2020-06-27 v0.33 Utility functions of pdfTeX for LuaTeX (HO
)

(/cache/home/ty296/texlive/2023/texmf-dist/tex/generic/infwarerr/infwarerr.sty
Package: infwarerr 2019/12/03 v1.5 Providing info/warning/error messages (HO)
)
Package pdftexcmds Info: \pdf@primitive is available.
Package pdftexcmds Info: \pdf@ifprimitive is available.
Package pdftexcmds Info: \pdfdraftmode found.
)) (/cache/home/ty296/texlive/2023/texmf-dist/tex/latex/hycolor/hycolor.sty
Package: hycolor 2020-01-27 v1.10 Color options for hyperref/bookmark (HO)
)
(/cache/home/ty296/texlive/2023/texmf-dist/tex/latex/hyperref/nameref.sty
Package: nameref 2025-06-21 v2.57 Cross-referencing by name of section

(/cache/home/ty296/texlive/2023/texmf-dist/tex/latex/refcount/refcount.sty
Package: refcount 2019/12/15 v3.6 Data extraction from label references (HO)
)
(/cache/home/ty296/texlive/2023/texmf-dist/tex/generic/gettitlestring/gettitles
tring.sty
Package: gettitlestring 2019/12/15 v1.6 Cleanup title references (HO)

(/cache/home/ty296/texlive/2023/texmf-dist/tex/latex/kvoptions/kvoptions.sty
Package: kvoptions 2022-06-15 v3.15 Key value format for package options (HO)
))
\c@section@level=\count298
) (/cache/home/ty296/texlive/2023/texmf-dist/tex/latex/etoolbox/etoolbox.sty
Package: etoolbox 2025/02/11 v2.5l e-TeX tools for LaTeX (JAW)
\etb@tempcnta=\count299
)
(/cache/home/ty296/texlive/2023/texmf-dist/tex/generic/stringenc/stringenc.sty
Package: stringenc 2019/11/29 v1.12 Convert strings between diff. encodings (HO
)
)
\@linkdim=\dimen166
\Hy@linkcounter=\count300
\Hy@pagecounter=\count301
(/cache/home/ty296/texlive/2023/texmf-dist/tex/latex/hyperref/pd1enc.def
File: pd1enc.def 2025-06-21 v7.01n Hyperref: PDFDocEncoding definition (HO)
Now handling font encoding PD1 ...
... no UTF-8 mapping file for font encoding PD1
)
(/cache/home/ty296/texlive/2023/texmf-dist/tex/generic/intcalc/intcalc.sty
Package: intcalc 2019/12/15 v1.3 Expandable calculations with integers (HO)
)
\Hy@SavedSpaceFactor=\count302

(/cache/home/ty296/texlive/2023/texmf-dist/tex/latex/hyperref/puenc.def
File: puenc.def 2025-06-21 v7.01n Hyperref: PDF Unicode definition (HO)
Now handling font encoding PU ...
... no UTF-8 mapping file for font encoding PU
)
Package hyperref Info: Hyper figures OFF on input line 4181.
Package hyperref Info: Link nesting OFF on input line 4186.
Package hyperref Info: Hyper index ON on input line 4189.
Package hyperref Info: Plain pages OFF on input line 4196.
Package hyperref Info: Backreferencing OFF on input line 4201.
Package hyperref Info: Implicit mode ON; LaTeX internals redefined.
Package hyperref Info: Bookmarks ON on input line 4448.
\c@Hy@tempcnt=\count303

(/cache/home/ty296/texlive/2023/texmf-dist/tex/latex/url/url.sty
\Urlmuskip=\muskip18
Package: url 2013/09/16  ver 3.4  Verb mode for urls, etc.
)
LaTeX Info: Redefining \url on input line 4787.
\XeTeXLinkMargin=\dimen167

(/cache/home/ty296/texlive/2023/texmf-dist/tex/generic/bitset/bitset.sty
Package: bitset 2019/12/09 v1.3 Handle bit-vector datatype (HO)

(/cache/home/ty296/texlive/2023/texmf-dist/tex/generic/bigintcalc/bigintcalc.st
y
Package: bigintcalc 2019/12/15 v1.5 Expandable calculations on big integers (HO
)
))
\Fld@menulength=\count304
\Field@Width=\dimen168
\Fld@charsize=\dimen169
Package hyperref Info: Hyper figures OFF on input line 6066.
Package hyperref Info: Link nesting OFF on input line 6071.
Package hyperref Info: Hyper index ON on input line 6074.
Package hyperref Info: backreferencing OFF on input line 6081.
Package hyperref Info: Link coloring OFF on input line 6086.
Package hyperref Info: Link coloring with OCG OFF on input line 6091.
Package hyperref Info: PDF/A mode OFF on input line 6096.
\Hy@abspage=\count305
\c@Item=\count306
\c@Hfootnote=\count307
)
Package hyperref Info: Driver (autodetected): hpdftex.
 (/cache/home/ty296/texlive/2023/texmf-dist/tex/latex/hyperref/hpdftex.def
File: hpdftex.def 2025-06-21 v7.01n Hyperref driver for pdfTeX
\Fld@listcount=\count308
\c@bookmark@seq@number=\count309

(/cache/home/ty296/texlive/2023/texmf-dist/tex/latex/rerunfilecheck/rerunfilech
eck.sty
Package: rerunfilecheck 2025-06-21 v1.11 Rerun checks for auxiliary files (HO)

(/cache/home/ty296/texlive/2023/texmf-dist/tex/generic/uniquecounter/uniquecoun
ter.sty
Package: uniquecounter 2019/12/15 v1.4 Provide unlimited unique counter (HO)
)
Package uniquecounter Info: New unique counter `rerunfilecheck' on input line 2
84.
)
\Hy@SectionHShift=\skip54
)
(/cache/home/ty296/texlive/2023/texmf-dist/tex/latex/listings/listings.sty
\lst@mode=\count310
\lst@gtempboxa=\box55
\lst@token=\toks26
\lst@length=\count311
\lst@currlwidth=\dimen170
\lst@column=\count312
\lst@pos=\count313
\lst@lostspace=\dimen171
\lst@width=\dimen172
\lst@newlines=\count314
\lst@lineno=\count315
\lst@maxwidth=\dimen173

(/cache/home/ty296/texlive/2023/texmf-dist/tex/latex/listings/lstpatch.sty
File: lstpatch.sty 2024/09/23 1.10c (Carsten Heinz)
)
(/cache/home/ty296/texlive/2023/texmf-dist/tex/latex/listings/lstmisc.sty
File: lstmisc.sty 2024/09/23 1.10c (Carsten Heinz)
\c@lstnumber=\count316
\lst@skipnumbers=\count317
\lst@framebox=\box56
)
(/cache/home/ty296/texlive/2023/texmf-dist/tex/latex/listings/listings.cfg
File: listings.cfg 2024/09/23 1.10c listings configuration
))
Package: listings 2024/09/23 1.10c (Carsten Heinz)

(/cache/home/ty296/texlive/2023/texmf-dist/tex/latex/xcolor/xcolor.sty
Package: xcolor 2024/09/29 v3.02 LaTeX color extensions (UK)

(/cache/home/ty296/texlive/2023/texmf-dist/tex/latex/graphics-cfg/color.cfg
File: color.cfg 2016/01/02 v1.6 sample color configuration
)
Package xcolor Info: Driver file: pdftex.def on input line 274.

(/cache/home/ty296/texlive/2023/texmf-dist/tex/latex/graphics-def/pdftex.def
File: pdftex.def 2024/04/13 v1.2c Graphics/color driver for pdftex
)
(/cache/home/ty296/texlive/2023/texmf-dist/tex/latex/graphics/mathcolor.ltx)
Package xcolor Info: Model `cmy' substituted by `cmy0' on input line 1349.
Package xcolor Info: Model `hsb' substituted by `rgb' on input line 1353.
Package xcolor Info: Model `RGB' extended on input line 1365.
Package xcolor Info: Model `HTML' substituted by `rgb' on input line 1367.
Package xcolor Info: Model `Hsb' substituted by `hsb' on input line 1368.
Package xcolor Info: Model `tHsb' substituted by `hsb' on input line 1369.
Package xcolor Info: Model `HSB' substituted by `hsb' on input line 1370.
Package xcolor Info: Model `Gray' substituted by `gray' on input line 1371.
Package xcolor Info: Model `wave' substituted by `hsb' on input line 1372.
)
(/cache/home/ty296/texlive/2023/texmf-dist/tex/latex/fancyhdr/fancyhdr.sty
Package: fancyhdr 2025/02/07 v5.2 Extensive control of page headers and footers

\f@nch@headwidth=\skip55
\f@nch@offset@elh=\skip56
\f@nch@offset@erh=\skip57
\f@nch@offset@olh=\skip58
\f@nch@offset@orh=\skip59
\f@nch@offset@elf=\skip60
\f@nch@offset@erf=\skip61
\f@nch@offset@olf=\skip62
\f@nch@offset@orf=\skip63
\f@nch@height=\skip64
\f@nch@footalignment=\skip65
\f@nch@widthL=\skip66
\f@nch@widthC=\skip67
\f@nch@widthR=\skip68
\@temptokenb=\toks27
)
(/cache/home/ty296/texlive/2023/texmf-dist/tex/latex/enumitem/enumitem.sty
Package: enumitem 2025/02/06 v3.11 Customized lists
\labelindent=\skip69
\enit@outerparindent=\dimen174
\enit@toks=\toks28
\enit@inbox=\box57
\enit@count@id=\count318
\enitdp@description=\count319
)
(/cache/home/ty296/texlive/2023/texmf-dist/tex/latex/graphics/graphicx.sty
Package: graphicx 2024/12/31 v1.2e Enhanced LaTeX Graphics (DPC,SPQR)

(/cache/home/ty296/texlive/2023/texmf-dist/tex/latex/graphics/graphics.sty
Package: graphics 2024/08/06 v1.4g Standard LaTeX Graphics (DPC,SPQR)

(/cache/home/ty296/texlive/2023/texmf-dist/tex/latex/graphics/trig.sty
Package: trig 2023/12/02 v1.11 sin cos tan (DPC)
)
(/cache/home/ty296/texlive/2023/texmf-dist/tex/latex/graphics-cfg/graphics.cfg
File: graphics.cfg 2016/06/04 v1.11 sample graphics configuration
)
Package graphics Info: Driver file: pdftex.def on input line 106.
)
\Gin@req@height=\dimen175
\Gin@req@width=\dimen176
) (/cache/home/ty296/texlive/2023/texmf-dist/tex/latex/caption/subcaption.sty
Package: subcaption 2023/07/28 v1.6b Sub-captions (AR)

(/cache/home/ty296/texlive/2023/texmf-dist/tex/latex/caption/caption.sty
Package: caption 2023/08/05 v3.6o Customizing captions (AR)

(/cache/home/ty296/texlive/2023/texmf-dist/tex/latex/caption/caption3.sty
Package: caption3 2023/07/31 v2.4d caption3 kernel (AR)
\caption@tempdima=\dimen177
\captionmargin=\dimen178
\caption@leftmargin=\dimen179
\caption@rightmargin=\dimen180
\caption@width=\dimen181
\caption@indent=\dimen182
\caption@parindent=\dimen183
\caption@hangindent=\dimen184
Package caption Info: Standard document class detected.
)
\c@caption@flags=\count320
\c@continuedfloat=\count321
Package caption Info: hyperref package is loaded.
Package caption Info: listings package is loaded.
)
Package caption Info: New subtype `subfigure' on input line 238.
\c@subfigure=\count322
Package caption Info: New subtype `subtable' on input line 238.
\c@subtable=\count323
)
(/cache/home/ty296/texlive/2023/texmf-dist/tex/latex/natbib/natbib.sty
Package: natbib 2010/09/13 8.31b (PWD, AO)
\bibhang=\skip70
\bibsep=\skip71
LaTeX Info: Redefining \cite on input line 694.
\c@NAT@ctr=\count324
)
(/cache/home/ty296/texlive/2023/texmf-dist/tex/latex/float/float.sty
Package: float 2001/11/08 v1.3d Float enhancements (AL)
\c@float@type=\count325
\float@exts=\toks29
\float@box=\box58
\@float@everytoks=\toks30
\@floatcapt=\box59
)
(/cache/home/ty296/texlive/2023/texmf-dist/tex/latex/l3backend/l3backend-pdftex
.def
File: l3backend-pdftex.def 2025-06-09 L3 backend support: PDF output (pdfTeX)
\l__color_backend_stack_int=\count326
) (./research_journal_summary.aux)
\openout1 = `research_journal_summary.aux'.

LaTeX Font Info:    Checking defaults for OML/cmm/m/it on input line 38.
LaTeX Font Info:    ... okay on input line 38.
LaTeX Font Info:    Checking defaults for OMS/cmsy/m/n on input line 38.
LaTeX Font Info:    ... okay on input line 38.
LaTeX Font Info:    Checking defaults for OT1/cmr/m/n on input line 38.
LaTeX Font Info:    ... okay on input line 38.
LaTeX Font Info:    Checking defaults for T1/cmr/m/n on input line 38.
LaTeX Font Info:    ... okay on input line 38.
LaTeX Font Info:    Checking defaults for TS1/cmr/m/n on input line 38.
LaTeX Font Info:    ... okay on input line 38.
LaTeX Font Info:    Checking defaults for OMX/cmex/m/n on input line 38.
LaTeX Font Info:    ... okay on input line 38.
LaTeX Font Info:    Checking defaults for U/cmr/m/n on input line 38.
LaTeX Font Info:    ... okay on input line 38.
LaTeX Font Info:    Checking defaults for PD1/pdf/m/n on input line 38.
LaTeX Font Info:    ... okay on input line 38.
LaTeX Font Info:    Checking defaults for PU/pdf/m/n on input line 38.
LaTeX Font Info:    ... okay on input line 38.

*geometry* driver: auto-detecting
*geometry* detected driver: pdftex
*geometry* verbose mode - [ preamble ] result:
* driver: pdftex
* paper: a4paper
* layout: <same size as paper>
* layoutoffset:(h,v)=(0.0pt,0.0pt)
* modes: 
* h-part:(L,W,R)=(72.26999pt, 452.9679pt, 72.26999pt)
* v-part:(T,H,B)=(72.26999pt, 700.50687pt, 72.26999pt)
* \paperwidth=597.50787pt
* \paperheight=845.04684pt
* \textwidth=452.9679pt
* \textheight=700.50687pt
* \oddsidemargin=0.0pt
* \evensidemargin=0.0pt
* \topmargin=-37.0pt
* \headheight=12.0pt
* \headsep=25.0pt
* \topskip=11.0pt
* \footskip=30.0pt
* \marginparwidth=50.0pt
* \marginparsep=10.0pt
* \columnsep=10.0pt
* \skip\footins=10.0pt plus 4.0pt minus 2.0pt
* \hoffset=0.0pt
* \voffset=0.0pt
* \mag=1000
* \@twocolumnfalse
* \@twosidefalse
* \@mparswitchfalse
* \@reversemarginfalse
* (1in=72.27pt=25.4mm, 1cm=28.453pt)

Package hyperref Info: Link coloring OFF on input line 38.
(./research_journal_summary.out) (./research_journal_summary.out)
\@outlinefile=\write3
\openout3 = `research_journal_summary.out'.

\c@lstlisting=\count327

(/cache/home/ty296/texlive/2023/texmf-dist/tex/context/base/mkii/supp-pdf.mkii
[Loading MPS to PDF converter (version 2006.09.02).]
\scratchcounter=\count328
\scratchdimen=\dimen185
\scratchbox=\box60
\nofMPsegments=\count329
\nofMParguments=\count330
\everyMPshowfont=\toks31
\MPscratchCnt=\count331
\MPscratchDim=\dimen186
\MPnumerator=\count332
\makeMPintoPDFobject=\count333
\everyMPtoPDFconversion=\toks32
)
(/cache/home/ty296/texlive/2023/texmf-dist/tex/latex/epstopdf-pkg/epstopdf-base
.sty
Package: epstopdf-base 2020-01-24 v2.11 Base part for package epstopdf
Package epstopdf-base Info: Redefining graphics rule for `.eps' on input line 4
85.

(/cache/home/ty296/texlive/2023/texmf-dist/tex/latex/latexconfig/epstopdf-sys.c
fg
File: epstopdf-sys.cfg 2010/07/13 v1.3 Configuration of (r)epstopdf for TeX Liv
e
))
Package caption Info: Begin \AtBeginDocument code.
Package caption Info: float package is loaded.
Package caption Info: End \AtBeginDocument code.
LaTeX Font Info:    Trying to load font information for U+msa on input line 41.

 (/cache/home/ty296/texlive/2023/texmf-dist/tex/latex/amsfonts/umsa.fd
File: umsa.fd 2013/01/14 v3.01 AMS symbols A
)
LaTeX Font Info:    Trying to load font information for U+msb on input line 41.


(/cache/home/ty296/texlive/2023/texmf-dist/tex/latex/amsfonts/umsb.fd
File: umsb.fd 2013/01/14 v3.01 AMS symbols B
)
<tmi_comparison.png, id=141, 867.24pt x 578.16pt>
File: tmi_comparison.png Graphic file (type png)
<use tmi_comparison.png>
Package pdftex.def Info: tmi_comparison.png  used on input line 52.
(pdftex.def)             Requested size: 362.37569pt x 241.58163pt.


LaTeX Warning: `h' float specifier changed to `ht'.



[1

{/cache/home/ty296/texlive/2023/texmf-var/fonts/map/pdftex/updmap/pdftex.map} <
./tmi_comparison.png>]
<pd.png, id=161, 2047.65pt x 1053.9375pt>
File: pd.png Graphic file (type png)
<use pd.png>
Package pdftex.def Info: pd.png  used on input line 94.
(pdftex.def)             Requested size: 362.37569pt x 186.51637pt.


Package hyperref Warning: Token not allowed in a PDF string (Unicode):
(hyperref)                removing `math shift' on input line 99.


Package hyperref Warning: Token not allowed in a PDF string (Unicode):
(hyperref)                removing `subscript' on input line 99.


Package hyperref Warning: Token not allowed in a PDF string (Unicode):
(hyperref)                removing `math shift' on input line 99.

<data_collapse_tao_pctrl0.000_threshold1.0e-15.png, id=163, 1076.1003pt x 422.0
568pt>
File: data_collapse_tao_pctrl0.000_threshold1.0e-15.png Graphic file (type png)

<use data_collapse_tao_pctrl0.000_threshold1.0e-15.png>
Package pdftex.def Info: data_collapse_tao_pctrl0.000_threshold1.0e-15.png  use
d on input line 107.
(pdftex.def)             Requested size: 362.37569pt x 142.12567pt.
<data_collapse_haining_pctrl0.000_threshold1.0e-15.png, id=164, 1076.823pt x 42
2.0568pt>
File: data_collapse_haining_pctrl0.000_threshold1.0e-15.png Graphic file (type 
png)
<use data_collapse_haining_pctrl0.000_threshold1.0e-15.png>
Package pdftex.def Info: data_collapse_haining_pctrl0.000_threshold1.0e-15.png 
 used on input line 114.
(pdftex.def)             Requested size: 362.37569pt x 142.02907pt.



Package fancyhdr Warning: \headheight is too small (12.0pt): 
(fancyhdr)                Make it at least 13.59999pt, for example:
(fancyhdr)                \setlength{\headheight}{13.59999pt}.
(fancyhdr)                You might also make \topmargin smaller:
(fancyhdr)                \addtolength{\topmargin}{-1.59999pt}.

[2 <./pd.png>]
<loss_manifold_comparison_pctrl0.000_threshold1.0e-15.png, id=178, 1041.6516pt 
x 426.1521pt>
File: loss_manifold_comparison_pctrl0.000_threshold1.0e-15.png Graphic file (ty
pe png)
<use loss_manifold_comparison_pctrl0.000_threshold1.0e-15.png>
Package pdftex.def Info: loss_manifold_comparison_pctrl0.000_threshold1.0e-15.p
ng  used on input line 128.
(pdftex.def)             Requested size: 362.37569pt x 148.2516pt.
<threshold_dependence_tao.png, id=180, 715.2321pt x 425.4294pt>
File: threshold_dependence_tao.png Graphic file (type png)
<use threshold_dependence_tao.png>
Package pdftex.def Info: threshold_dependence_tao.png  used on input line 139.
(pdftex.def)             Requested size: 217.42265pt x 129.32408pt.
<threshold_dependence_haining.png, id=181, 715.2321pt x 425.4294pt>
File: threshold_dependence_haining.png Graphic file (type png)
<use threshold_dependence_haining.png>
Package pdftex.def Info: threshold_dependence_haining.png  used on input line 1
46.
(pdftex.def)             Requested size: 217.42265pt x 129.32408pt.



Package fancyhdr Warning: \headheight is too small (12.0pt): 
(fancyhdr)                Make it at least 13.59999pt, for example:
(fancyhdr)                \setlength{\headheight}{13.59999pt}.
(fancyhdr)                You might also make \topmargin smaller:
(fancyhdr)                \addtolength{\topmargin}{-1.59999pt}.

[3 <./data_collapse_tao_pctrl0.000_threshold1.0e-15.png> <./data_collapse_haini
ng_pctrl0.000_threshold1.0e-15.png> <./loss_manifold_comparison_pctrl0.000_thre
shold1.0e-15.png>]
<threshold_dependence_pctrl0.000_tao.png, id=194, 1059.2373pt x 445.1832pt>
File: threshold_dependence_pctrl0.000_tao.png Graphic file (type png)
<use threshold_dependence_pctrl0.000_tao.png>
Package pdftex.def Info: threshold_dependence_pctrl0.000_tao.png  used on input
 line 160.
(pdftex.def)             Requested size: 362.37569pt x 152.2977pt.
<threshold_dependence_pctrl0.000_haining.png, id=195, 1059.2373pt x 445.1832pt>

File: threshold_dependence_pctrl0.000_haining.png Graphic file (type png)
<use threshold_dependence_pctrl0.000_haining.png>
Package pdftex.def Info: threshold_dependence_pctrl0.000_haining.png  used on i
nput line 167.
(pdftex.def)             Requested size: 362.37569pt x 152.2977pt.

(/cache/home/ty296/texlive/2023/texmf-dist/tex/latex/listings/lstlang1.sty
File: lstlang1.sty 2024/09/23 1.10c listings language file
)


Package fancyhdr Warning: \headheight is too small (12.0pt): 
(fancyhdr)                Make it at least 13.59999pt, for example:
(fancyhdr)                \setlength{\headheight}{13.59999pt}.
(fancyhdr)                You might also make \topmargin smaller:
(fancyhdr)                \addtolength{\topmargin}{-1.59999pt}.

[4 <./threshold_dependence_tao.png> <./threshold_dependence_haining.png> <./thr
eshold_dependence_pctrl0.000_tao.png> <./threshold_dependence_pctrl0.000_hainin
g.png>]

Package hyperref Warning: Token not allowed in a PDF string (Unicode):
(hyperref)                removing `math shift' on input line 196.


Package hyperref Warning: Token not allowed in a PDF string (Unicode):
(hyperref)                removing `subscript' on input line 196.


Package hyperref Warning: Token not allowed in a PDF string (Unicode):
(hyperref)                removing `math shift' on input line 196.

<data_collapse_tao_pctrl0.400_threshold1.0e-15.png, id=207, 1076.823pt x 422.05
68pt>
File: data_collapse_tao_pctrl0.400_threshold1.0e-15.png Graphic file (type png)

<use data_collapse_tao_pctrl0.400_threshold1.0e-15.png>
Package pdftex.def Info: data_collapse_tao_pctrl0.400_threshold1.0e-15.png  use
d on input line 204.
(pdftex.def)             Requested size: 362.37569pt x 142.02907pt.
<data_collapse_haining_pctrl0.400_threshold1.0e-15.png, id=208, 1076.823pt x 42
2.0568pt>
File: data_collapse_haining_pctrl0.400_threshold1.0e-15.png Graphic file (type 
png)
<use data_collapse_haining_pctrl0.400_threshold1.0e-15.png>
Package pdftex.def Info: data_collapse_haining_pctrl0.400_threshold1.0e-15.png 
 used on input line 211.
(pdftex.def)             Requested size: 362.37569pt x 142.02907pt.
<loss_manifold_comparison_pctrl0.400_threshold1.0e-15.png, id=212, 1034.9064pt 
x 426.1521pt>
File: loss_manifold_comparison_pctrl0.400_threshold1.0e-15.png Graphic file (ty
pe png)
<use loss_manifold_comparison_pctrl0.400_threshold1.0e-15.png>
Package pdftex.def Info: loss_manifold_comparison_pctrl0.400_threshold1.0e-15.p
ng  used on input line 223.
(pdftex.def)             Requested size: 362.37569pt x 149.22049pt.



Package fancyhdr Warning: \headheight is too small (12.0pt): 
(fancyhdr)                Make it at least 13.59999pt, for example:
(fancyhdr)                \setlength{\headheight}{13.59999pt}.
(fancyhdr)                You might also make \topmargin smaller:
(fancyhdr)                \addtolength{\topmargin}{-1.59999pt}.

[5 <./data_collapse_tao_pctrl0.400_threshold1.0e-15.png> <./data_collapse_haini
ng_pctrl0.400_threshold1.0e-15.png>]
<threshold_dependence_tao_pctrl0.4.png, id=233, 715.2321pt x 425.4294pt>
File: threshold_dependence_tao_pctrl0.4.png Graphic file (type png)
<use threshold_dependence_tao_pctrl0.4.png>
Package pdftex.def Info: threshold_dependence_tao_pctrl0.4.png  used on input l
ine 232.
(pdftex.def)             Requested size: 217.42265pt x 129.32408pt.
<threshold_dependence_haining_pctrl0.4.png, id=234, 715.2321pt x 425.4294pt>
File: threshold_dependence_haining_pctrl0.4.png Graphic file (type png)
<use threshold_dependence_haining_pctrl0.4.png>
Package pdftex.def Info: threshold_dependence_haining_pctrl0.4.png  used on inp
ut line 239.
(pdftex.def)             Requested size: 217.42265pt x 129.32408pt.
<threshold_dependence_pctrl0.400_tao.png, id=235, 1059.2373pt x 445.1832pt>
File: threshold_dependence_pctrl0.400_tao.png Graphic file (type png)
<use threshold_dependence_pctrl0.400_tao.png>
Package pdftex.def Info: threshold_dependence_pctrl0.400_tao.png  used on input
 line 251.
(pdftex.def)             Requested size: 362.37569pt x 152.2977pt.
<threshold_dependence_pctrl0.400_haining.png, id=236, 1059.2373pt x 445.1832pt>

File: threshold_dependence_pctrl0.400_haining.png Graphic file (type png)
<use threshold_dependence_pctrl0.400_haining.png>
Package pdftex.def Info: threshold_dependence_pctrl0.400_haining.png  used on i
nput line 257.
(pdftex.def)             Requested size: 362.37569pt x 152.2977pt.



Package fancyhdr Warning: \headheight is too small (12.0pt): 
(fancyhdr)                Make it at least 13.59999pt, for example:
(fancyhdr)                \setlength{\headheight}{13.59999pt}.
(fancyhdr)                You might also make \topmargin smaller:
(fancyhdr)                \addtolength{\topmargin}{-1.59999pt}.

[6 <./loss_manifold_comparison_pctrl0.400_threshold1.0e-15.png> <./threshold_de
pendence_tao_pctrl0.4.png> <./threshold_dependence_haining_pctrl0.4.png>]


Package fancyhdr Warning: \headheight is too small (12.0pt): 
(fancyhdr)                Make it at least 13.59999pt, for example:
(fancyhdr)                \setlength{\headheight}{13.59999pt}.
(fancyhdr)                You might also make \topmargin smaller:
(fancyhdr)                \addtolength{\topmargin}{-1.59999pt}.

[7 <./threshold_dependence_pctrl0.400_tao.png> <./threshold_dependence_pctrl0.4
00_haining.png>]


Package fancyhdr Warning: \headheight is too small (12.0pt): 
(fancyhdr)                Make it at least 13.59999pt, for example:
(fancyhdr)                \setlength{\headheight}{13.59999pt}.
(fancyhdr)                You might also make \topmargin smaller:
(fancyhdr)                \addtolength{\topmargin}{-1.59999pt}.

[8]


Package fancyhdr Warning: \headheight is too small (12.0pt): 
(fancyhdr)                Make it at least 13.59999pt, for example:
(fancyhdr)                \setlength{\headheight}{13.59999pt}.
(fancyhdr)                You might also make \topmargin smaller:
(fancyhdr)                \addtolength{\topmargin}{-1.59999pt}.

[9]


Package fancyhdr Warning: \headheight is too small (12.0pt): 
(fancyhdr)                Make it at least 13.59999pt, for example:
(fancyhdr)                \setlength{\headheight}{13.59999pt}.
(fancyhdr)                You might also make \topmargin smaller:
(fancyhdr)                \addtolength{\topmargin}{-1.59999pt}.

[10]
Overfull \hbox (14.70451pt too wide) in paragraph at lines 431--432
[]\T1/cmr/m/n/10.95 It may be worth-while to ex-am-ine Hain-ing's code-base and
 test the \T1/cmtt/m/n/10.95 run_CT_MPS_C_m_T_multiproc
 []




Package fancyhdr Warning: \headheight is too small (12.0pt): 
(fancyhdr)                Make it at least 13.59999pt, for example:
(fancyhdr)                \setlength{\headheight}{13.59999pt}.
(fancyhdr)                You might also make \topmargin smaller:
(fancyhdr)                \addtolength{\topmargin}{-1.59999pt}.

[11]
<p_ctrl0.5p_proj0.0.png, id=339, 3613.5pt x 2409.0pt>
File: p_ctrl0.5p_proj0.0.png Graphic file (type png)
<use p_ctrl0.5p_proj0.0.png>
Package pdftex.def Info: p_ctrl0.5p_proj0.0.png  used on input line 484.
(pdftex.def)             Requested size: 362.37569pt x 241.57576pt.



Package fancyhdr Warning: \headheight is too small (12.0pt): 
(fancyhdr)                Make it at least 13.59999pt, for example:
(fancyhdr)                \setlength{\headheight}{13.59999pt}.
(fancyhdr)                You might also make \topmargin smaller:
(fancyhdr)                \addtolength{\topmargin}{-1.59999pt}.

[12]
<p_ctrl0.0p_proj0.5(1).png, id=347, 3613.5pt x 2409.0pt>
File: p_ctrl0.0p_proj0.5(1).png Graphic file (type png)
<use p_ctrl0.0p_proj0.5(1).png>
Package pdftex.def Info: p_ctrl0.0p_proj0.5(1).png  used on input line 498.
(pdftex.def)             Requested size: 362.37569pt x 241.57576pt.
<p_ctrl0.4p_proj0.7(1).png, id=348, 3613.5pt x 2409.0pt>
File: p_ctrl0.4p_proj0.7(1).png Graphic file (type png)
<use p_ctrl0.4p_proj0.7(1).png>
Package pdftex.def Info: p_ctrl0.4p_proj0.7(1).png  used on input line 505.
(pdftex.def)             Requested size: 362.37569pt x 241.57576pt.



Package fancyhdr Warning: \headheight is too small (12.0pt): 
(fancyhdr)                Make it at least 13.59999pt, for example:
(fancyhdr)                \setlength{\headheight}{13.59999pt}.
(fancyhdr)                You might also make \topmargin smaller:
(fancyhdr)                \addtolength{\topmargin}{-1.59999pt}.

[13 <./p_ctrl0.5p_proj0.0.png> <./p_ctrl0.0p_proj0.5(1).png>]
<pctrl0.0pproj0.5coursesmallsize.png, id=358, 2409.0pt x 1806.75pt>
File: pctrl0.0pproj0.5coursesmallsize.png Graphic file (type png)
<use pctrl0.0pproj0.5coursesmallsize.png>
Package pdftex.def Info: pctrl0.0pproj0.5coursesmallsize.png  used on input lin
e 522.
(pdftex.def)             Requested size: 362.37569pt x 271.77274pt.



Package fancyhdr Warning: \headheight is too small (12.0pt): 
(fancyhdr)                Make it at least 13.59999pt, for example:
(fancyhdr)                \setlength{\headheight}{13.59999pt}.
(fancyhdr)                You might also make \topmargin smaller:
(fancyhdr)                \addtolength{\topmargin}{-1.59999pt}.

[14 <./p_ctrl0.4p_proj0.7(1).png>]
<pctrl0.4pproj0.7coursesmallsize.png, id=365, 2409.0pt x 1806.75pt>
File: pctrl0.4pproj0.7coursesmallsize.png Graphic file (type png)
<use pctrl0.4pproj0.7coursesmallsize.png>
Package pdftex.def Info: pctrl0.4pproj0.7coursesmallsize.png  used on input lin
e 529.
(pdftex.def)             Requested size: 362.37569pt x 271.77274pt.



Package fancyhdr Warning: \headheight is too small (12.0pt): 
(fancyhdr)                Make it at least 13.59999pt, for example:
(fancyhdr)                \setlength{\headheight}{13.59999pt}.
(fancyhdr)                You might also make \topmargin smaller:
(fancyhdr)                \addtolength{\topmargin}{-1.59999pt}.

[15 <./pctrl0.0pproj0.5coursesmallsize.png> <./pctrl0.4pproj0.7coursesmallsize.
png>]


Package fancyhdr Warning: \headheight is too small (12.0pt): 
(fancyhdr)                Make it at least 13.59999pt, for example:
(fancyhdr)                \setlength{\headheight}{13.59999pt}.
(fancyhdr)                You might also make \topmargin smaller:
(fancyhdr)                \addtolength{\topmargin}{-1.59999pt}.

[16]


Package fancyhdr Warning: \headheight is too small (12.0pt): 
(fancyhdr)                Make it at least 13.59999pt, for example:
(fancyhdr)                \setlength{\headheight}{13.59999pt}.
(fancyhdr)                You might also make \topmargin smaller:
(fancyhdr)                \addtolength{\topmargin}{-1.59999pt}.

[17]


Package fancyhdr Warning: \headheight is too small (12.0pt): 
(fancyhdr)                Make it at least 13.59999pt, for example:
(fancyhdr)                \setlength{\headheight}{13.59999pt}.
(fancyhdr)                You might also make \topmargin smaller:
(fancyhdr)                \addtolength{\topmargin}{-1.59999pt}.

[18]
! Missing $ inserted.
<inserted text> 
                $
l.690                 \item T\_max = 2L^
                                        2: 2,444,668 maxresident \(L=16\)
? 

! LaTeX Error: Bad math environment delimiter.

See the LaTeX manual or LaTeX Companion for explanation.
Type  H <return>  for immediate help.
 ...                                              
                                                  
l.690 ...m T\_max = 2L^2: 2,444,668 maxresident \(
                                                  L=16\)
? 
<average_EE_vs_p_ctrl.png, id=395, 714.0276pt x 425.1885pt>
File: average_EE_vs_p_ctrl.png Graphic file (type png)
<use average_EE_vs_p_ctrl.png>
Package pdftex.def Info: average_EE_vs_p_ctrl.png  used on input line 732.
(pdftex.def)             Requested size: 362.37569pt x 215.79222pt.



Package fancyhdr Warning: \headheight is too small (12.0pt): 
(fancyhdr)                Make it at least 13.59999pt, for example:
(fancyhdr)                \setlength{\headheight}{13.59999pt}.
(fancyhdr)                You might also make \topmargin smaller:
(fancyhdr)                \addtolength{\topmargin}{-1.59999pt}.

[19] (./research_journal_summary.bbl)


Package fancyhdr Warning: \headheight is too small (12.0pt): 
(fancyhdr)                Make it at least 13.59999pt, for example:
(fancyhdr)                \setlength{\headheight}{13.59999pt}.
(fancyhdr)                You might also make \topmargin smaller:
(fancyhdr)                \addtolength{\topmargin}{-1.59999pt}.

[20 <./average_EE_vs_p_ctrl.png>] (./research_journal_summary.aux)
 ***********
LaTeX2e <2025-06-01> patch level 1
L3 programming layer <2025-06-09>
 ***********
Package rerunfilecheck Info: File `research_journal_summary.out' has not change
d.
(rerunfilecheck)             Checksum: 80FF63821B707B63F1954D43308FFAFD;6239.
 ) 
Here is how much of TeX's memory you used:
 15595 strings out of 469826
 243456 string characters out of 5482242
 1025376 words of memory out of 5000000
 43567 multiletter control sequences out of 15000+600000
 643928 words of font info for 80 fonts, out of 8000000 for 9000
 36 hyphenation exceptions out of 8191
 75i,13n,79p,778b,1983s stack positions out of 10000i,1000n,20000p,200000b,200000s
 </home/ty296/.texlive2023/texmf-var/fonts/pk/ljfour/jknappen/ec/ecti1095.600
pk> </home/ty296/.texlive2023/texmf-var/fonts/pk/ljfour/jknappen/ec/tcrm1095.60
0pk> </home/ty296/.texlive2023/texmf-var/fonts/pk/ljfour/jknappen/ec/ectt1095.6
00pk> </home/ty296/.texlive2023/texmf-var/fonts/pk/ljfour/jknappen/ec/ectt1000.
600pk> </home/ty296/.texlive2023/texmf-var/fonts/pk/ljfour/jknappen/ec/ecrm1000
.600pk> </home/ty296/.texlive2023/texmf-var/fonts/pk/ljfour/jknappen/ec/ecbx080
0.600pk> </home/ty296/.texlive2023/texmf-var/fonts/pk/ljfour/jknappen/ec/ecbx10
95.600pk> </home/ty296/.texlive2023/texmf-var/fonts/pk/ljfour/jknappen/ec/ecrm0
800.600pk> </home/ty296/.texlive2023/texmf-var/fonts/pk/ljfour/jknappen/ec/ecbx
1200.600pk> </home/ty296/.texlive2023/texmf-var/fonts/pk/ljfour/jknappen/ec/ecr
m1095.600pk> </home/ty296/.texlive2023/texmf-var/fonts/pk/ljfour/jknappen/ec/ec
bx1440.600pk> </home/ty296/.texlive2023/texmf-var/fonts/pk/ljfour/jknappen/ec/e
crm1200.600pk> </home/ty296/.texlive2023/texmf-var/fonts/pk/ljfour/jknappen/ec/
ecrm1728.600pk></cache/home/ty296/texlive/2023/texmf-dist/fonts/type1/public/am
sfonts/cm/cmmi10.pfb></cache/home/ty296/texlive/2023/texmf-dist/fonts/type1/pub
lic/amsfonts/cm/cmmi8.pfb></cache/home/ty296/texlive/2023/texmf-dist/fonts/type
1/public/amsfonts/cm/cmr10.pfb></cache/home/ty296/texlive/2023/texmf-dist/fonts
/type1/public/amsfonts/cm/cmr8.pfb></cache/home/ty296/texlive/2023/texmf-dist/f
onts/type1/public/amsfonts/cm/cmsy10.pfb></cache/home/ty296/texlive/2023/texmf-
dist/fonts/type1/public/amsfonts/cm/cmsy8.pfb>
Output written on research_journal_summary.pdf (20 pages, 9003636 bytes).
PDF statistics:
 962 PDF objects out of 1000 (max. 8388607)
 435 compressed objects within 5 object streams
 160 named destinations out of 1000 (max. 500000)
 383 words of extra memory for PDF output out of 10000 (max. 10000000)

